<?xml version="1.0" encoding="UTF-8"?>
<!-- Generated by org.testng.reporters.JUnitReportReporter -->
<testsuite hostname="DESKTOP-V7BV2H2" failures="0" tests="2" name="com.mystore.testcases.MyAccountDataDrivenTest" time="34.943" errors="0" timestamp="2024-06-16T16:34:35 IST" skipped="0">
  <testcase classname="com.mystore.testcases.MyAccountDataDrivenTest" name="VerifyLogin" time="15.968"/>
  <system-out/>
  <testcase classname="com.mystore.testcases.MyAccountDataDrivenTest" name="VerifyLogin" time="18.975"/>
  <system-out/>
</testsuite> <!-- com.mystore.testcases.MyAccountDataDrivenTest -->
