<?xml version="1.0" encoding="UTF-8"?>
<!-- Generated by org.testng.reporters.JUnitReportReporter -->
<testsuite hostname="DESKTOP-V7BV2H2" failures="0" tests="1" name="com.mystore.testcases.My_SigninPageTest" time="4.314" errors="0" timestamp="2024-06-09T23:01:08 IST" skipped="0">
  <testcase classname="com.mystore.testcases.My_SigninPageTest" name="VerifySignin" time="4.314"/>
  <system-out/>
</testsuite> <!-- com.mystore.testcases.My_SigninPageTest -->
